<?xml version="1.0" encoding="UTF-8"?>
<testng-results ignored="0" total="49" passed="49" failed="0" skipped="0">
  <reporter-output>
  </reporter-output>
  <suite started-at="2024-01-27T22:32:53 PST" name="Default suite" finished-at="2024-01-27T22:45:11 PST" duration-ms="737218">
    <groups>
      <group name="cucumber">
        <method signature="AbstractTestNGCucumberTests.runScenario(io.cucumber.testng.PickleWrapper,io.cucumber.testng.FeatureWrapper)[pri:0, instance:test_Runner.TestRunner@5143c662]" name="runScenario" class="io.cucumber.testng.AbstractTestNGCucumberTests"/>
      </group> <!-- cucumber -->
    </groups>
    <test started-at="2024-01-27T22:32:53 PST" name="Default test" finished-at="2024-01-27T22:45:11 PST" duration-ms="737218">
      <class name="test_Runner.TestRunner">
        <test-method is-config="true" signature="setUpClass(org.testng.ITestContext)[pri:0, instance:test_Runner.TestRunner@5143c662]" started-at="2024-01-27T22:32:54 PST" name="setUpClass" finished-at="2024-01-27T22:32:54 PST" duration-ms="901" status="PASS">
          <params>
            <param index="0">
              <value>
                <![CDATA[org.testng.TestRunner@4d44f385]]>
              </value>
            </param>
          </params>
          <reporter-output>
          </reporter-output>
        </test-method> <!-- setUpClass -->
        <test-method signature="runScenario(io.cucumber.testng.PickleWrapper,io.cucumber.testng.FeatureWrapper)[pri:0, instance:test_Runner.TestRunner@5143c662]" started-at="2024-01-27T22:32:54 PST" name="runScenario" description="Runs Cucumber Scenarios" data-provider="scenarios" finished-at="2024-01-27T22:33:14 PST" duration-ms="19221" status="PASS">
          <params>
            <param index="0">
              <value>
                <![CDATA["User checks functionalities of the Arrays in Python"]]>
              </value>
            </param>
            <param index="1">
              <value>
                <![CDATA["Verifying the Array functionalities in the DS Algo app"]]>
              </value>
            </param>
          </params>
          <reporter-output>
          </reporter-output>
        </test-method> <!-- runScenario -->
        <test-method signature="runScenario(io.cucumber.testng.PickleWrapper,io.cucumber.testng.FeatureWrapper)[pri:0, instance:test_Runner.TestRunner@5143c662]" started-at="2024-01-27T22:33:14 PST" name="runScenario" description="Runs Cucumber Scenarios" data-provider="scenarios" finished-at="2024-01-27T22:33:33 PST" duration-ms="19107" status="PASS">
          <params>
            <param index="0">
              <value>
                <![CDATA["User checks the functionalities on the Arrays using list"]]>
              </value>
            </param>
            <param index="1">
              <value>
                <![CDATA["Verifying the Array functionalities in the DS Algo app"]]>
              </value>
            </param>
          </params>
          <reporter-output>
          </reporter-output>
        </test-method> <!-- runScenario -->
        <test-method signature="runScenario(io.cucumber.testng.PickleWrapper,io.cucumber.testng.FeatureWrapper)[pri:0, instance:test_Runner.TestRunner@5143c662]" started-at="2024-01-27T22:33:33 PST" name="runScenario" description="Runs Cucumber Scenarios" data-provider="scenarios" finished-at="2024-01-27T22:33:52 PST" duration-ms="19423" status="PASS">
          <params>
            <param index="0">
              <value>
                <![CDATA["The user checks the functionalities of the Basic operation list page"]]>
              </value>
            </param>
            <param index="1">
              <value>
                <![CDATA["Verifying the Array functionalities in the DS Algo app"]]>
              </value>
            </param>
          </params>
          <reporter-output>
          </reporter-output>
        </test-method> <!-- runScenario -->
        <test-method signature="runScenario(io.cucumber.testng.PickleWrapper,io.cucumber.testng.FeatureWrapper)[pri:0, instance:test_Runner.TestRunner@5143c662]" started-at="2024-01-27T22:33:52 PST" name="runScenario" description="Runs Cucumber Scenarios" data-provider="scenarios" finished-at="2024-01-27T22:34:04 PST" duration-ms="11717" status="PASS">
          <params>
            <param index="0">
              <value>
                <![CDATA["The user checks the functionalities of the Appplications of Array page"]]>
              </value>
            </param>
            <param index="1">
              <value>
                <![CDATA["Verifying the Array functionalities in the DS Algo app"]]>
              </value>
            </param>
          </params>
          <reporter-output>
          </reporter-output>
        </test-method> <!-- runScenario -->
        <test-method signature="runScenario(io.cucumber.testng.PickleWrapper,io.cucumber.testng.FeatureWrapper)[pri:0, instance:test_Runner.TestRunner@5143c662]" started-at="2024-01-27T22:34:04 PST" name="runScenario" description="Runs Cucumber Scenarios" data-provider="scenarios" finished-at="2024-01-27T22:34:20 PST" duration-ms="16096" status="PASS">
          <params>
            <param index="0">
              <value>
                <![CDATA["The user test the Practice sections of the Array page"]]>
              </value>
            </param>
            <param index="1">
              <value>
                <![CDATA["Verifying the Array functionalities in the DS Algo app"]]>
              </value>
            </param>
          </params>
          <reporter-output>
          </reporter-output>
        </test-method> <!-- runScenario -->
        <test-method signature="runScenario(io.cucumber.testng.PickleWrapper,io.cucumber.testng.FeatureWrapper)[pri:0, instance:test_Runner.TestRunner@5143c662]" started-at="2024-01-27T22:34:20 PST" name="runScenario" description="Runs Cucumber Scenarios" data-provider="scenarios" finished-at="2024-01-27T22:34:38 PST" duration-ms="17543" status="PASS">
          <params>
            <param index="0">
              <value>
                <![CDATA["The user test the Practice sections of the Array page"]]>
              </value>
            </param>
            <param index="1">
              <value>
                <![CDATA["Verifying the Array functionalities in the DS Algo app"]]>
              </value>
            </param>
          </params>
          <reporter-output>
          </reporter-output>
        </test-method> <!-- runScenario -->
        <test-method signature="runScenario(io.cucumber.testng.PickleWrapper,io.cucumber.testng.FeatureWrapper)[pri:0, instance:test_Runner.TestRunner@5143c662]" started-at="2024-01-27T22:34:38 PST" name="runScenario" description="Runs Cucumber Scenarios" data-provider="scenarios" finished-at="2024-01-27T22:34:53 PST" duration-ms="15589" status="PASS">
          <params>
            <param index="0">
              <value>
                <![CDATA["The user test the Practice sections of the Array page"]]>
              </value>
            </param>
            <param index="1">
              <value>
                <![CDATA["Verifying the Array functionalities in the DS Algo app"]]>
              </value>
            </param>
          </params>
          <reporter-output>
          </reporter-output>
        </test-method> <!-- runScenario -->
        <test-method signature="runScenario(io.cucumber.testng.PickleWrapper,io.cucumber.testng.FeatureWrapper)[pri:0, instance:test_Runner.TestRunner@5143c662]" started-at="2024-01-27T22:34:53 PST" name="runScenario" description="Runs Cucumber Scenarios" data-provider="scenarios" finished-at="2024-01-27T22:35:11 PST" duration-ms="18064" status="PASS">
          <params>
            <param index="0">
              <value>
                <![CDATA["The user test the Practice sections of the Array page"]]>
              </value>
            </param>
            <param index="1">
              <value>
                <![CDATA["Verifying the Array functionalities in the DS Algo app"]]>
              </value>
            </param>
          </params>
          <reporter-output>
          </reporter-output>
        </test-method> <!-- runScenario -->
        <test-method signature="runScenario(io.cucumber.testng.PickleWrapper,io.cucumber.testng.FeatureWrapper)[pri:0, instance:test_Runner.TestRunner@5143c662]" started-at="2024-01-27T22:35:11 PST" name="runScenario" description="Runs Cucumber Scenarios" data-provider="scenarios" finished-at="2024-01-27T22:35:25 PST" duration-ms="13498" status="PASS">
          <params>
            <param index="0">
              <value>
                <![CDATA["User navigates to the Data Introduction page"]]>
              </value>
            </param>
            <param index="1">
              <value>
                <![CDATA["The iser in navigating to the Data Introduction page"]]>
              </value>
            </param>
          </params>
          <reporter-output>
          </reporter-output>
        </test-method> <!-- runScenario -->
        <test-method signature="runScenario(io.cucumber.testng.PickleWrapper,io.cucumber.testng.FeatureWrapper)[pri:0, instance:test_Runner.TestRunner@5143c662]" started-at="2024-01-27T22:35:25 PST" name="runScenario" description="Runs Cucumber Scenarios" data-provider="scenarios" finished-at="2024-01-27T22:35:39 PST" duration-ms="14448" status="PASS">
          <params>
            <param index="0">
              <value>
                <![CDATA["Verifying data structure text box editor with invalid python code"]]>
              </value>
            </param>
            <param index="1">
              <value>
                <![CDATA["The iser in navigating to the Data Introduction page"]]>
              </value>
            </param>
          </params>
          <reporter-output>
          </reporter-output>
        </test-method> <!-- runScenario -->
        <test-method signature="runScenario(io.cucumber.testng.PickleWrapper,io.cucumber.testng.FeatureWrapper)[pri:0, instance:test_Runner.TestRunner@5143c662]" started-at="2024-01-27T22:35:39 PST" name="runScenario" description="Runs Cucumber Scenarios" data-provider="scenarios" finished-at="2024-01-27T22:35:50 PST" duration-ms="10332" status="PASS">
          <params>
            <param index="0">
              <value>
                <![CDATA["The user is able to navigate to the home page"]]>
              </value>
            </param>
            <param index="1">
              <value>
                <![CDATA["Checking the getstarted button for all the modules"]]>
              </value>
            </param>
          </params>
          <reporter-output>
          </reporter-output>
        </test-method> <!-- runScenario -->
        <test-method signature="runScenario(io.cucumber.testng.PickleWrapper,io.cucumber.testng.FeatureWrapper)[pri:0, instance:test_Runner.TestRunner@5143c662]" started-at="2024-01-27T22:35:50 PST" name="runScenario" description="Runs Cucumber Scenarios" data-provider="scenarios" finished-at="2024-01-27T22:36:09 PST" duration-ms="19025" status="PASS">
          <params>
            <param index="0">
              <value>
                <![CDATA["User checks the functionality of the Graph"]]>
              </value>
            </param>
            <param index="1">
              <value>
                <![CDATA["The user test the functionalities of the Graph page in the DS Algo application"]]>
              </value>
            </param>
          </params>
          <reporter-output>
          </reporter-output>
        </test-method> <!-- runScenario -->
        <test-method signature="runScenario(io.cucumber.testng.PickleWrapper,io.cucumber.testng.FeatureWrapper)[pri:0, instance:test_Runner.TestRunner@5143c662]" started-at="2024-01-27T22:36:09 PST" name="runScenario" description="Runs Cucumber Scenarios" data-provider="scenarios" finished-at="2024-01-27T22:36:28 PST" duration-ms="19122" status="PASS">
          <params>
            <param index="0">
              <value>
                <![CDATA["User checks the functionality of the GraphRepresentations"]]>
              </value>
            </param>
            <param index="1">
              <value>
                <![CDATA["The user test the functionalities of the Graph page in the DS Algo application"]]>
              </value>
            </param>
          </params>
          <reporter-output>
          </reporter-output>
        </test-method> <!-- runScenario -->
        <test-method signature="runScenario(io.cucumber.testng.PickleWrapper,io.cucumber.testng.FeatureWrapper)[pri:0, instance:test_Runner.TestRunner@5143c662]" started-at="2024-01-27T22:36:28 PST" name="runScenario" description="Runs Cucumber Scenarios" data-provider="scenarios" finished-at="2024-01-27T22:36:39 PST" duration-ms="11552" status="PASS">
          <params>
            <param index="0">
              <value>
                <![CDATA["User checks the Introduction functionality of the Linked list Intro page"]]>
              </value>
            </param>
            <param index="1">
              <value>
                <![CDATA["The user test the functionalities of the Linked List page in the DS Algo application"]]>
              </value>
            </param>
          </params>
          <reporter-output>
          </reporter-output>
        </test-method> <!-- runScenario -->
        <test-method signature="runScenario(io.cucumber.testng.PickleWrapper,io.cucumber.testng.FeatureWrapper)[pri:0, instance:test_Runner.TestRunner@5143c662]" started-at="2024-01-27T22:36:39 PST" name="runScenario" description="Runs Cucumber Scenarios" data-provider="scenarios" finished-at="2024-01-27T22:36:59 PST" duration-ms="19628" status="PASS">
          <params>
            <param index="0">
              <value>
                <![CDATA["User checks the functionality of the creating linked list page"]]>
              </value>
            </param>
            <param index="1">
              <value>
                <![CDATA["The user test the functionalities of the Linked List page in the DS Algo application"]]>
              </value>
            </param>
          </params>
          <reporter-output>
          </reporter-output>
        </test-method> <!-- runScenario -->
        <test-method signature="runScenario(io.cucumber.testng.PickleWrapper,io.cucumber.testng.FeatureWrapper)[pri:0, instance:test_Runner.TestRunner@5143c662]" started-at="2024-01-27T22:36:59 PST" name="runScenario" description="Runs Cucumber Scenarios" data-provider="scenarios" finished-at="2024-01-27T22:37:18 PST" duration-ms="18794" status="PASS">
          <params>
            <param index="0">
              <value>
                <![CDATA["User checks the functionality of the Types of Linked list page"]]>
              </value>
            </param>
            <param index="1">
              <value>
                <![CDATA["The user test the functionalities of the Linked List page in the DS Algo application"]]>
              </value>
            </param>
          </params>
          <reporter-output>
          </reporter-output>
        </test-method> <!-- runScenario -->
        <test-method signature="runScenario(io.cucumber.testng.PickleWrapper,io.cucumber.testng.FeatureWrapper)[pri:0, instance:test_Runner.TestRunner@5143c662]" started-at="2024-01-27T22:37:18 PST" name="runScenario" description="Runs Cucumber Scenarios" data-provider="scenarios" finished-at="2024-01-27T22:37:37 PST" duration-ms="19040" status="PASS">
          <params>
            <param index="0">
              <value>
                <![CDATA["User checks the functionality of the Implemented Linked list in python page"]]>
              </value>
            </param>
            <param index="1">
              <value>
                <![CDATA["The user test the functionalities of the Linked List page in the DS Algo application"]]>
              </value>
            </param>
          </params>
          <reporter-output>
          </reporter-output>
        </test-method> <!-- runScenario -->
        <test-method signature="runScenario(io.cucumber.testng.PickleWrapper,io.cucumber.testng.FeatureWrapper)[pri:0, instance:test_Runner.TestRunner@5143c662]" started-at="2024-01-27T22:37:37 PST" name="runScenario" description="Runs Cucumber Scenarios" data-provider="scenarios" finished-at="2024-01-27T22:37:51 PST" duration-ms="14060" status="PASS">
          <params>
            <param index="0">
              <value>
                <![CDATA["User checks the functionality of the Traveral of Linked list page"]]>
              </value>
            </param>
            <param index="1">
              <value>
                <![CDATA["The user test the functionalities of the Linked List page in the DS Algo application"]]>
              </value>
            </param>
          </params>
          <reporter-output>
          </reporter-output>
        </test-method> <!-- runScenario -->
        <test-method signature="runScenario(io.cucumber.testng.PickleWrapper,io.cucumber.testng.FeatureWrapper)[pri:0, instance:test_Runner.TestRunner@5143c662]" started-at="2024-01-27T22:37:51 PST" name="runScenario" description="Runs Cucumber Scenarios" data-provider="scenarios" finished-at="2024-01-27T22:38:10 PST" duration-ms="19542" status="PASS">
          <params>
            <param index="0">
              <value>
                <![CDATA["User checks the functionality of the Insertion of Linked list page"]]>
              </value>
            </param>
            <param index="1">
              <value>
                <![CDATA["The user test the functionalities of the Linked List page in the DS Algo application"]]>
              </value>
            </param>
          </params>
          <reporter-output>
          </reporter-output>
        </test-method> <!-- runScenario -->
        <test-method signature="runScenario(io.cucumber.testng.PickleWrapper,io.cucumber.testng.FeatureWrapper)[pri:0, instance:test_Runner.TestRunner@5143c662]" started-at="2024-01-27T22:38:10 PST" name="runScenario" description="Runs Cucumber Scenarios" data-provider="scenarios" finished-at="2024-01-27T22:38:31 PST" duration-ms="20431" status="PASS">
          <params>
            <param index="0">
              <value>
                <![CDATA["User checks the functionality of the Deletion of Linked list page"]]>
              </value>
            </param>
            <param index="1">
              <value>
                <![CDATA["The user test the functionalities of the Linked List page in the DS Algo application"]]>
              </value>
            </param>
          </params>
          <reporter-output>
          </reporter-output>
        </test-method> <!-- runScenario -->
        <test-method signature="runScenario(io.cucumber.testng.PickleWrapper,io.cucumber.testng.FeatureWrapper)[pri:0, instance:test_Runner.TestRunner@5143c662]" started-at="2024-01-27T22:38:31 PST" name="runScenario" description="Runs Cucumber Scenarios" data-provider="scenarios" finished-at="2024-01-27T22:38:38 PST" duration-ms="7269" status="PASS">
          <params>
            <param index="0">
              <value>
                <![CDATA["User is trying to login with invalid credentials"]]>
              </value>
            </param>
            <param index="1">
              <value>
                <![CDATA["Log in to the DS-Algo app"]]>
              </value>
            </param>
          </params>
          <reporter-output>
          </reporter-output>
        </test-method> <!-- runScenario -->
        <test-method signature="runScenario(io.cucumber.testng.PickleWrapper,io.cucumber.testng.FeatureWrapper)[pri:0, instance:test_Runner.TestRunner@5143c662]" started-at="2024-01-27T22:38:38 PST" name="runScenario" description="Runs Cucumber Scenarios" data-provider="scenarios" finished-at="2024-01-27T22:38:46 PST" duration-ms="7733" status="PASS">
          <params>
            <param index="0">
              <value>
                <![CDATA["User is trying to login with invalid credentials"]]>
              </value>
            </param>
            <param index="1">
              <value>
                <![CDATA["Log in to the DS-Algo app"]]>
              </value>
            </param>
          </params>
          <reporter-output>
          </reporter-output>
        </test-method> <!-- runScenario -->
        <test-method signature="runScenario(io.cucumber.testng.PickleWrapper,io.cucumber.testng.FeatureWrapper)[pri:0, instance:test_Runner.TestRunner@5143c662]" started-at="2024-01-27T22:38:46 PST" name="runScenario" description="Runs Cucumber Scenarios" data-provider="scenarios" finished-at="2024-01-27T22:38:54 PST" duration-ms="7668" status="PASS">
          <params>
            <param index="0">
              <value>
                <![CDATA["User is trying to login with some fields empty"]]>
              </value>
            </param>
            <param index="1">
              <value>
                <![CDATA["Log in to the DS-Algo app"]]>
              </value>
            </param>
          </params>
          <reporter-output>
          </reporter-output>
        </test-method> <!-- runScenario -->
        <test-method signature="runScenario(io.cucumber.testng.PickleWrapper,io.cucumber.testng.FeatureWrapper)[pri:0, instance:test_Runner.TestRunner@5143c662]" started-at="2024-01-27T22:38:54 PST" name="runScenario" description="Runs Cucumber Scenarios" data-provider="scenarios" finished-at="2024-01-27T22:39:01 PST" duration-ms="7865" status="PASS">
          <params>
            <param index="0">
              <value>
                <![CDATA["User is trying to login with some fields empty"]]>
              </value>
            </param>
            <param index="1">
              <value>
                <![CDATA["Log in to the DS-Algo app"]]>
              </value>
            </param>
          </params>
          <reporter-output>
          </reporter-output>
        </test-method> <!-- runScenario -->
        <test-method signature="runScenario(io.cucumber.testng.PickleWrapper,io.cucumber.testng.FeatureWrapper)[pri:0, instance:test_Runner.TestRunner@5143c662]" started-at="2024-01-27T22:39:01 PST" name="runScenario" description="Runs Cucumber Scenarios" data-provider="scenarios" finished-at="2024-01-27T22:39:08 PST" duration-ms="6758" status="PASS">
          <params>
            <param index="0">
              <value>
                <![CDATA["User is trying to login with some fields empty"]]>
              </value>
            </param>
            <param index="1">
              <value>
                <![CDATA["Log in to the DS-Algo app"]]>
              </value>
            </param>
          </params>
          <reporter-output>
          </reporter-output>
        </test-method> <!-- runScenario -->
        <test-method signature="runScenario(io.cucumber.testng.PickleWrapper,io.cucumber.testng.FeatureWrapper)[pri:0, instance:test_Runner.TestRunner@5143c662]" started-at="2024-01-27T22:39:08 PST" name="runScenario" description="Runs Cucumber Scenarios" data-provider="scenarios" finished-at="2024-01-27T22:39:16 PST" duration-ms="8147" status="PASS">
          <params>
            <param index="0">
              <value>
                <![CDATA["User is logging in with valid credentials"]]>
              </value>
            </param>
            <param index="1">
              <value>
                <![CDATA["Log in to the DS-Algo app"]]>
              </value>
            </param>
          </params>
          <reporter-output>
          </reporter-output>
        </test-method> <!-- runScenario -->
        <test-method signature="runScenario(io.cucumber.testng.PickleWrapper,io.cucumber.testng.FeatureWrapper)[pri:0, instance:test_Runner.TestRunner@5143c662]" started-at="2024-01-27T22:39:16 PST" name="runScenario" description="Runs Cucumber Scenarios" data-provider="scenarios" finished-at="2024-01-27T22:39:31 PST" duration-ms="15053" status="PASS">
          <params>
            <param index="0">
              <value>
                <![CDATA["User checks the functionality of the Implementation of queue in Python page"]]>
              </value>
            </param>
            <param index="1">
              <value>
                <![CDATA["The user test the functionalities of the Queue page in the DS Algo application"]]>
              </value>
            </param>
          </params>
          <reporter-output>
          </reporter-output>
        </test-method> <!-- runScenario -->
        <test-method signature="runScenario(io.cucumber.testng.PickleWrapper,io.cucumber.testng.FeatureWrapper)[pri:0, instance:test_Runner.TestRunner@5143c662]" started-at="2024-01-27T22:39:31 PST" name="runScenario" description="Runs Cucumber Scenarios" data-provider="scenarios" finished-at="2024-01-27T22:39:44 PST" duration-ms="12721" status="PASS">
          <params>
            <param index="0">
              <value>
                <![CDATA["User checks the functionality of the Implementation using collection.deque page"]]>
              </value>
            </param>
            <param index="1">
              <value>
                <![CDATA["The user test the functionalities of the Queue page in the DS Algo application"]]>
              </value>
            </param>
          </params>
          <reporter-output>
          </reporter-output>
        </test-method> <!-- runScenario -->
        <test-method signature="runScenario(io.cucumber.testng.PickleWrapper,io.cucumber.testng.FeatureWrapper)[pri:0, instance:test_Runner.TestRunner@5143c662]" started-at="2024-01-27T22:39:44 PST" name="runScenario" description="Runs Cucumber Scenarios" data-provider="scenarios" finished-at="2024-01-27T22:40:02 PST" duration-ms="17659" status="PASS">
          <params>
            <param index="0">
              <value>
                <![CDATA["User checks the functionality of the Implementation using array page"]]>
              </value>
            </param>
            <param index="1">
              <value>
                <![CDATA["The user test the functionalities of the Queue page in the DS Algo application"]]>
              </value>
            </param>
          </params>
          <reporter-output>
          </reporter-output>
        </test-method> <!-- runScenario -->
        <test-method signature="runScenario(io.cucumber.testng.PickleWrapper,io.cucumber.testng.FeatureWrapper)[pri:0, instance:test_Runner.TestRunner@5143c662]" started-at="2024-01-27T22:40:02 PST" name="runScenario" description="Runs Cucumber Scenarios" data-provider="scenarios" finished-at="2024-01-27T22:40:15 PST" duration-ms="13500" status="PASS">
          <params>
            <param index="0">
              <value>
                <![CDATA["User checks the functionality of the Queue Operations page"]]>
              </value>
            </param>
            <param index="1">
              <value>
                <![CDATA["The user test the functionalities of the Queue page in the DS Algo application"]]>
              </value>
            </param>
          </params>
          <reporter-output>
          </reporter-output>
        </test-method> <!-- runScenario -->
        <test-method signature="runScenario(io.cucumber.testng.PickleWrapper,io.cucumber.testng.FeatureWrapper)[pri:0, instance:test_Runner.TestRunner@5143c662]" started-at="2024-01-27T22:40:15 PST" name="runScenario" description="Runs Cucumber Scenarios" data-provider="scenarios" finished-at="2024-01-27T22:40:23 PST" duration-ms="7272" status="PASS">
          <params>
            <param index="0">
              <value>
                <![CDATA["Register with invalid credentials to check the error displayed"]]>
              </value>
            </param>
            <param index="1">
              <value>
                <![CDATA["Registering to the DS-Algo app"]]>
              </value>
            </param>
          </params>
          <reporter-output>
          </reporter-output>
        </test-method> <!-- runScenario -->
        <test-method signature="runScenario(io.cucumber.testng.PickleWrapper,io.cucumber.testng.FeatureWrapper)[pri:0, instance:test_Runner.TestRunner@5143c662]" started-at="2024-01-27T22:40:23 PST" name="runScenario" description="Runs Cucumber Scenarios" data-provider="scenarios" finished-at="2024-01-27T22:40:30 PST" duration-ms="7855" status="PASS">
          <params>
            <param index="0">
              <value>
                <![CDATA["Register with invalid credentials to check the error displayed"]]>
              </value>
            </param>
            <param index="1">
              <value>
                <![CDATA["Registering to the DS-Algo app"]]>
              </value>
            </param>
          </params>
          <reporter-output>
          </reporter-output>
        </test-method> <!-- runScenario -->
        <test-method signature="runScenario(io.cucumber.testng.PickleWrapper,io.cucumber.testng.FeatureWrapper)[pri:0, instance:test_Runner.TestRunner@5143c662]" started-at="2024-01-27T22:40:30 PST" name="runScenario" description="Runs Cucumber Scenarios" data-provider="scenarios" finished-at="2024-01-27T22:40:39 PST" duration-ms="8367" status="PASS">
          <params>
            <param index="0">
              <value>
                <![CDATA["Register with invalid credentials to check the error displayed"]]>
              </value>
            </param>
            <param index="1">
              <value>
                <![CDATA["Registering to the DS-Algo app"]]>
              </value>
            </param>
          </params>
          <reporter-output>
          </reporter-output>
        </test-method> <!-- runScenario -->
        <test-method signature="runScenario(io.cucumber.testng.PickleWrapper,io.cucumber.testng.FeatureWrapper)[pri:0, instance:test_Runner.TestRunner@5143c662]" started-at="2024-01-27T22:40:39 PST" name="runScenario" description="Runs Cucumber Scenarios" data-provider="scenarios" finished-at="2024-01-27T22:40:59 PST" duration-ms="19793" status="PASS">
          <params>
            <param index="0">
              <value>
                <![CDATA["User checks the functionality of the Operations in stack page"]]>
              </value>
            </param>
            <param index="1">
              <value>
                <![CDATA["The user test the functionalities of the Stack page in the DS Algo application"]]>
              </value>
            </param>
          </params>
          <reporter-output>
          </reporter-output>
        </test-method> <!-- runScenario -->
        <test-method signature="runScenario(io.cucumber.testng.PickleWrapper,io.cucumber.testng.FeatureWrapper)[pri:0, instance:test_Runner.TestRunner@5143c662]" started-at="2024-01-27T22:40:59 PST" name="runScenario" description="Runs Cucumber Scenarios" data-provider="scenarios" finished-at="2024-01-27T22:41:18 PST" duration-ms="18931" status="PASS">
          <params>
            <param index="0">
              <value>
                <![CDATA["User checks the functionality of the Implementaion in stack page"]]>
              </value>
            </param>
            <param index="1">
              <value>
                <![CDATA["The user test the functionalities of the Stack page in the DS Algo application"]]>
              </value>
            </param>
          </params>
          <reporter-output>
          </reporter-output>
        </test-method> <!-- runScenario -->
        <test-method signature="runScenario(io.cucumber.testng.PickleWrapper,io.cucumber.testng.FeatureWrapper)[pri:0, instance:test_Runner.TestRunner@5143c662]" started-at="2024-01-27T22:41:18 PST" name="runScenario" description="Runs Cucumber Scenarios" data-provider="scenarios" finished-at="2024-01-27T22:41:30 PST" duration-ms="12172" status="PASS">
          <params>
            <param index="0">
              <value>
                <![CDATA["User checks the functionality of the Applications in stack page"]]>
              </value>
            </param>
            <param index="1">
              <value>
                <![CDATA["The user test the functionalities of the Stack page in the DS Algo application"]]>
              </value>
            </param>
          </params>
          <reporter-output>
          </reporter-output>
        </test-method> <!-- runScenario -->
        <test-method signature="runScenario(io.cucumber.testng.PickleWrapper,io.cucumber.testng.FeatureWrapper)[pri:0, instance:test_Runner.TestRunner@5143c662]" started-at="2024-01-27T22:41:30 PST" name="runScenario" description="Runs Cucumber Scenarios" data-provider="scenarios" finished-at="2024-01-27T22:41:51 PST" duration-ms="21457" status="PASS">
          <params>
            <param index="0">
              <value>
                <![CDATA["User checks the functionality of the Overview of Trees"]]>
              </value>
            </param>
            <param index="1">
              <value>
                <![CDATA["The user test the functionalities of the Stack page in the DS Algo application"]]>
              </value>
            </param>
          </params>
          <reporter-output>
          </reporter-output>
        </test-method> <!-- runScenario -->
        <test-method signature="runScenario(io.cucumber.testng.PickleWrapper,io.cucumber.testng.FeatureWrapper)[pri:0, instance:test_Runner.TestRunner@5143c662]" started-at="2024-01-27T22:41:51 PST" name="runScenario" description="Runs Cucumber Scenarios" data-provider="scenarios" finished-at="2024-01-27T22:42:06 PST" duration-ms="14919" status="PASS">
          <params>
            <param index="0">
              <value>
                <![CDATA["User checks the functionality of the Terminologies link in Tree"]]>
              </value>
            </param>
            <param index="1">
              <value>
                <![CDATA["The user test the functionalities of the Stack page in the DS Algo application"]]>
              </value>
            </param>
          </params>
          <reporter-output>
          </reporter-output>
        </test-method> <!-- runScenario -->
        <test-method signature="runScenario(io.cucumber.testng.PickleWrapper,io.cucumber.testng.FeatureWrapper)[pri:0, instance:test_Runner.TestRunner@5143c662]" started-at="2024-01-27T22:42:06 PST" name="runScenario" description="Runs Cucumber Scenarios" data-provider="scenarios" finished-at="2024-01-27T22:42:25 PST" duration-ms="19207" status="PASS">
          <params>
            <param index="0">
              <value>
                <![CDATA["User checks the functionality of the Types of Trees"]]>
              </value>
            </param>
            <param index="1">
              <value>
                <![CDATA["The user test the functionalities of the Stack page in the DS Algo application"]]>
              </value>
            </param>
          </params>
          <reporter-output>
          </reporter-output>
        </test-method> <!-- runScenario -->
        <test-method signature="runScenario(io.cucumber.testng.PickleWrapper,io.cucumber.testng.FeatureWrapper)[pri:0, instance:test_Runner.TestRunner@5143c662]" started-at="2024-01-27T22:42:25 PST" name="runScenario" description="Runs Cucumber Scenarios" data-provider="scenarios" finished-at="2024-01-27T22:42:44 PST" duration-ms="19123" status="PASS">
          <params>
            <param index="0">
              <value>
                <![CDATA["User checks the functionality of the TreeTraversals in Trees"]]>
              </value>
            </param>
            <param index="1">
              <value>
                <![CDATA["The user test the functionalities of the Stack page in the DS Algo application"]]>
              </value>
            </param>
          </params>
          <reporter-output>
          </reporter-output>
        </test-method> <!-- runScenario -->
        <test-method signature="runScenario(io.cucumber.testng.PickleWrapper,io.cucumber.testng.FeatureWrapper)[pri:0, instance:test_Runner.TestRunner@5143c662]" started-at="2024-01-27T22:42:44 PST" name="runScenario" description="Runs Cucumber Scenarios" data-provider="scenarios" finished-at="2024-01-27T22:43:02 PST" duration-ms="17379" status="PASS">
          <params>
            <param index="0">
              <value>
                <![CDATA["User checks the functionality of the TraversalsIllustration in Trees"]]>
              </value>
            </param>
            <param index="1">
              <value>
                <![CDATA["The user test the functionalities of the Stack page in the DS Algo application"]]>
              </value>
            </param>
          </params>
          <reporter-output>
          </reporter-output>
        </test-method> <!-- runScenario -->
        <test-method signature="runScenario(io.cucumber.testng.PickleWrapper,io.cucumber.testng.FeatureWrapper)[pri:0, instance:test_Runner.TestRunner@5143c662]" started-at="2024-01-27T22:43:02 PST" name="runScenario" description="Runs Cucumber Scenarios" data-provider="scenarios" finished-at="2024-01-27T22:43:19 PST" duration-ms="17248" status="PASS">
          <params>
            <param index="0">
              <value>
                <![CDATA["User checks the functionality of the BinaryTrees in Trees"]]>
              </value>
            </param>
            <param index="1">
              <value>
                <![CDATA["The user test the functionalities of the Stack page in the DS Algo application"]]>
              </value>
            </param>
          </params>
          <reporter-output>
          </reporter-output>
        </test-method> <!-- runScenario -->
        <test-method signature="runScenario(io.cucumber.testng.PickleWrapper,io.cucumber.testng.FeatureWrapper)[pri:0, instance:test_Runner.TestRunner@5143c662]" started-at="2024-01-27T22:43:19 PST" name="runScenario" description="Runs Cucumber Scenarios" data-provider="scenarios" finished-at="2024-01-27T22:43:38 PST" duration-ms="18830" status="PASS">
          <params>
            <param index="0">
              <value>
                <![CDATA["User checks the functionality of the TypesofBinaryTrees in Trees"]]>
              </value>
            </param>
            <param index="1">
              <value>
                <![CDATA["The user test the functionalities of the Stack page in the DS Algo application"]]>
              </value>
            </param>
          </params>
          <reporter-output>
          </reporter-output>
        </test-method> <!-- runScenario -->
        <test-method signature="runScenario(io.cucumber.testng.PickleWrapper,io.cucumber.testng.FeatureWrapper)[pri:0, instance:test_Runner.TestRunner@5143c662]" started-at="2024-01-27T22:43:38 PST" name="runScenario" description="Runs Cucumber Scenarios" data-provider="scenarios" finished-at="2024-01-27T22:43:49 PST" duration-ms="11005" status="PASS">
          <params>
            <param index="0">
              <value>
                <![CDATA["User checks the functionality of the ImplementationinPython in Trees"]]>
              </value>
            </param>
            <param index="1">
              <value>
                <![CDATA["The user test the functionalities of the Stack page in the DS Algo application"]]>
              </value>
            </param>
          </params>
          <reporter-output>
          </reporter-output>
        </test-method> <!-- runScenario -->
        <test-method signature="runScenario(io.cucumber.testng.PickleWrapper,io.cucumber.testng.FeatureWrapper)[pri:0, instance:test_Runner.TestRunner@5143c662]" started-at="2024-01-27T22:43:49 PST" name="runScenario" description="Runs Cucumber Scenarios" data-provider="scenarios" finished-at="2024-01-27T22:44:08 PST" duration-ms="18949" status="PASS">
          <params>
            <param index="0">
              <value>
                <![CDATA["User checks the functionality of the BinaryTreeTraversals in Trees"]]>
              </value>
            </param>
            <param index="1">
              <value>
                <![CDATA["The user test the functionalities of the Stack page in the DS Algo application"]]>
              </value>
            </param>
          </params>
          <reporter-output>
          </reporter-output>
        </test-method> <!-- runScenario -->
        <test-method signature="runScenario(io.cucumber.testng.PickleWrapper,io.cucumber.testng.FeatureWrapper)[pri:0, instance:test_Runner.TestRunner@5143c662]" started-at="2024-01-27T22:44:08 PST" name="runScenario" description="Runs Cucumber Scenarios" data-provider="scenarios" finished-at="2024-01-27T22:44:19 PST" duration-ms="11604" status="PASS">
          <params>
            <param index="0">
              <value>
                <![CDATA["User checks the functionality of the ImplementationofBinaryTrees in Trees"]]>
              </value>
            </param>
            <param index="1">
              <value>
                <![CDATA["The user test the functionalities of the Stack page in the DS Algo application"]]>
              </value>
            </param>
          </params>
          <reporter-output>
          </reporter-output>
        </test-method> <!-- runScenario -->
        <test-method signature="runScenario(io.cucumber.testng.PickleWrapper,io.cucumber.testng.FeatureWrapper)[pri:0, instance:test_Runner.TestRunner@5143c662]" started-at="2024-01-27T22:44:19 PST" name="runScenario" description="Runs Cucumber Scenarios" data-provider="scenarios" finished-at="2024-01-27T22:44:38 PST" duration-ms="18234" status="PASS">
          <params>
            <param index="0">
              <value>
                <![CDATA["User checks the functionality of the ApplicationsofBinaryTrees in Trees"]]>
              </value>
            </param>
            <param index="1">
              <value>
                <![CDATA["The user test the functionalities of the Stack page in the DS Algo application"]]>
              </value>
            </param>
          </params>
          <reporter-output>
          </reporter-output>
        </test-method> <!-- runScenario -->
        <test-method signature="runScenario(io.cucumber.testng.PickleWrapper,io.cucumber.testng.FeatureWrapper)[pri:0, instance:test_Runner.TestRunner@5143c662]" started-at="2024-01-27T22:44:38 PST" name="runScenario" description="Runs Cucumber Scenarios" data-provider="scenarios" finished-at="2024-01-27T22:44:50 PST" duration-ms="11968" status="PASS">
          <params>
            <param index="0">
              <value>
                <![CDATA["User checks the functionality of the BinarySearchTrees in Trees"]]>
              </value>
            </param>
            <param index="1">
              <value>
                <![CDATA["The user test the functionalities of the Stack page in the DS Algo application"]]>
              </value>
            </param>
          </params>
          <reporter-output>
          </reporter-output>
        </test-method> <!-- runScenario -->
        <test-method signature="runScenario(io.cucumber.testng.PickleWrapper,io.cucumber.testng.FeatureWrapper)[pri:0, instance:test_Runner.TestRunner@5143c662]" started-at="2024-01-27T22:44:50 PST" name="runScenario" description="Runs Cucumber Scenarios" data-provider="scenarios" finished-at="2024-01-27T22:45:10 PST" duration-ms="20813" status="PASS">
          <params>
            <param index="0">
              <value>
                <![CDATA["User checks the functionality of the ImplementationofBST in Trees"]]>
              </value>
            </param>
            <param index="1">
              <value>
                <![CDATA["The user test the functionalities of the Stack page in the DS Algo application"]]>
              </value>
            </param>
          </params>
          <reporter-output>
          </reporter-output>
        </test-method> <!-- runScenario -->
        <test-method is-config="true" signature="tearDownClass()[pri:0, instance:test_Runner.TestRunner@5143c662]" started-at="2024-01-27T22:45:10 PST" name="tearDownClass" finished-at="2024-01-27T22:45:11 PST" duration-ms="227" status="PASS">
          <reporter-output>
          </reporter-output>
        </test-method> <!-- tearDownClass -->
      </class> <!-- test_Runner.TestRunner -->
    </test> <!-- Default test -->
  </suite> <!-- Default suite -->
</testng-results>
